# JRE version: OpenJDK Runtime Environment (8.0_76-b03) (build 1.8.0_76-release-b03)
# Java VM: OpenJDK 64-Bit Server VM (25.76-b03 mixed mode windows-amd64 compressed oops)
Heap:
 PSYoungGen      total 172544K, used 130234K [0x00000000e0000000, 0x00000000ec380000, 0x0000000100000000)
  eden space 157696K, 73% used [0x00000000e0000000,0x00000000e70b68a0,0x00000000e9a00000)
  from space 14848K, 99% used [0x00000000eab00000,0x00000000eb9781f8,0x00000000eb980000)
  to   space 17408K, 0% used [0x00000000e9a00000,0x00000000e9a00000,0x00000000eab00000)
 ParOldGen       total 96768K, used 24216K [0x00000000a0000000, 0x00000000a5e80000, 0x00000000e0000000)
  object space 96768K, 25% used [0x00000000a0000000,0x00000000a17a6130,0x00000000a5e80000)
 Metaspace       used 57324K, capacity 58732K, committed 58880K, reserved 1099776K
  class space    used 7516K, capacity 7874K, committed 7936K, reserved 1048576K
GC Heap History (10 events):
Event: 12.311 GC heap before
{Heap before GC invocations=8 (full 1):
 PSYoungGen      total 104960K, used 80177K [0x00000000e0000000, 0x00000000e7380000, 0x0000000100000000)
  eden space 96256K, 74% used [0x00000000e0000000,0x00000000e45f7848,0x00000000e5e00000)
  from space 8704K, 98% used [0x00000000e6b00000,0x00000000e7354ce8,0x00000000e7380000)
  to   space 10240K, 0% used [0x00000000e5f80000,0x00000000e5f80000,0x00000000e6980000)
 ParOldGen       total 59904K, used 10086K [0x00000000a0000000, 0x00000000a3a80000, 0x00000000e0000000)
  object space 59904K, 16% used [0x00000000a0000000,0x00000000a09d9818,0x00000000a3a80000)
 Metaspace       used 34574K, capacity 35166K, committed 35496K, reserved 1079296K
  class space    used 4610K, capacity 4806K, committed 4864K, reserved 1048576K
Event: 12.332 GC heap after
Heap after GC invocations=8 (full 1):
 PSYoungGen      total 108032K, used 10234K [0x00000000e0000000, 0x00000000ea380000, 0x0000000100000000)
  eden space 97792K, 0% used [0x00000000e0000000,0x00000000e0000000,0x00000000e5f80000)
  from space 10240K, 99% used [0x00000000e5f80000,0x00000000e697ead0,0x00000000e6980000)
  to   space 12288K, 0% used [0x00000000e9780000,0x00000000e9780000,0x00000000ea380000)
 ParOldGen       total 59904K, used 11644K [0x00000000a0000000, 0x00000000a3a80000, 0x00000000e0000000)
  object space 59904K, 19% used [0x00000000a0000000,0x00000000a0b5f320,0x00000000a3a80000)
 Metaspace       used 34574K, capacity 35166K, committed 35496K, reserved 1079296K
  class space    used 4610K, capacity 4806K, committed 4864K, reserved 1048576K
}
Event: 12.332 GC heap before
{Heap before GC invocations=9 (full 2):
 PSYoungGen      total 108032K, used 10234K [0x00000000e0000000, 0x00000000ea380000, 0x0000000100000000)
  eden space 97792K, 0% used [0x00000000e0000000,0x00000000e0000000,0x00000000e5f80000)
  from space 10240K, 99% used [0x00000000e5f80000,0x00000000e697ead0,0x00000000e6980000)
  to   space 12288K, 0% used [0x00000000e9780000,0x00000000e9780000,0x00000000ea380000)
 ParOldGen       total 59904K, used 11644K [0x00000000a0000000, 0x00000000a3a80000, 0x00000000e0000000)
  object space 59904K, 19% used [0x00000000a0000000,0x00000000a0b5f320,0x00000000a3a80000)
 Metaspace       used 34574K, capacity 35166K, committed 35496K, reserved 1079296K
  class space    used 4610K, capacity 4806K, committed 4864K, reserved 1048576K
Event: 12.473 GC heap after
Heap after GC invocations=9 (full 2):
 PSYoungGen      total 108032K, used 0K [0x00000000e0000000, 0x00000000ea380000, 0x0000000100000000)
  eden space 97792K, 0% used [0x00000000e0000000,0x00000000e0000000,0x00000000e5f80000)
  from space 10240K, 0% used [0x00000000e5f80000,0x00000000e5f80000,0x00000000e6980000)
  to   space 12288K, 0% used [0x00000000e9780000,0x00000000e9780000,0x00000000ea380000)
 ParOldGen       total 96768K, used 18024K [0x00000000a0000000, 0x00000000a5e80000, 0x00000000e0000000)
  object space 96768K, 18% used [0x00000000a0000000,0x00000000a119a008,0x00000000a5e80000)
 Metaspace       used 34574K, capacity 35166K, committed 35496K, reserved 1079296K
  class space    used 4610K, capacity 4806K, committed 4864K, reserved 1048576K
}
Event: 17.975 GC heap before
{Heap before GC invocations=10 (full 2):
 PSYoungGen      total 108032K, used 97792K [0x00000000e0000000, 0x00000000ea380000, 0x0000000100000000)
  eden space 97792K, 100% used [0x00000000e0000000,0x00000000e5f80000,0x00000000e5f80000)
  from space 10240K, 0% used [0x00000000e5f80000,0x00000000e5f80000,0x00000000e6980000)
  to   space 12288K, 0% used [0x00000000e9780000,0x00000000e9780000,0x00000000ea380000)
 ParOldGen       total 96768K, used 18024K [0x00000000a0000000, 0x00000000a5e80000, 0x00000000e0000000)
  object space 96768K, 18% used [0x00000000a0000000,0x00000000a119a008,0x00000000a5e80000)
 Metaspace       used 42297K, capacity 43140K, committed 43648K, reserved 1087488K
  class space    used 5651K, capacity 5922K, committed 6016K, reserved 1048576K
Event: 17.987 GC heap after
Heap after GC invocations=10 (full 2):
 PSYoungGen      total 142336K, used 7940K [0x00000000e0000000, 0x00000000e9f80000, 0x0000000100000000)
  eden space 134144K, 0% used [0x00000000e0000000,0x00000000e0000000,0x00000000e8300000)
  from space 8192K, 96% used [0x00000000e9780000,0x00000000e9f412c8,0x00000000e9f80000)
  to   space 11776K, 0% used [0x00000000e8880000,0x00000000e8880000,0x00000000e9400000)
 ParOldGen       total 96768K, used 18096K [0x00000000a0000000, 0x00000000a5e80000, 0x00000000e0000000)
  object space 96768K, 18% used [0x00000000a0000000,0x00000000a11ac018,0x00000000a5e80000)
 Metaspace       used 42297K, capacity 43140K, committed 43648K, reserved 1087488K
  class space    used 5651K, capacity 5922K, committed 6016K, reserved 1048576K
}
Event: 27.267 GC heap before
{Heap before GC invocations=11 (full 2):
 PSYoungGen      total 142336K, used 142084K [0x00000000e0000000, 0x00000000e9f80000, 0x0000000100000000)
  eden space 134144K, 100% used [0x00000000e0000000,0x00000000e8300000,0x00000000e8300000)
  from space 8192K, 96% used [0x00000000e9780000,0x00000000e9f412c8,0x00000000e9f80000)
  to   space 11776K, 0% used [0x00000000e8880000,0x00000000e8880000,0x00000000e9400000)
 ParOldGen       total 96768K, used 18096K [0x00000000a0000000, 0x00000000a5e80000, 0x00000000e0000000)
  object space 96768K, 18% used [0x00000000a0000000,0x00000000a11ac018,0x00000000a5e80000)
 Metaspace       used 49209K, capacity 50432K, committed 50560K, reserved 1093632K
  class space    used 6597K, capacity 6934K, committed 7040K, reserved 1048576K
Event: 27.286 GC heap after
Heap after GC invocations=11 (full 2):
 PSYoungGen      total 151552K, used 11760K [0x00000000e0000000, 0x00000000eb980000, 0x0000000100000000)
  eden space 139776K, 0% used [0x00000000e0000000,0x00000000e0000000,0x00000000e8880000)
  from space 11776K, 99% used [0x00000000e8880000,0x00000000e93fc208,0x00000000e9400000)
  to   space 14848K, 0% used [0x00000000eab00000,0x00000000eab00000,0x00000000eb980000)
 ParOldGen       total 96768K, used 22377K [0x00000000a0000000, 0x00000000a5e80000, 0x00000000e0000000)
  object space 96768K, 23% used [0x00000000a0000000,0x00000000a15da6f8,0x00000000a5e80000)
 Metaspace       used 49209K, capacity 50432K, committed 50560K, reserved 1093632K
  class space    used 6597K, capacity 6934K, committed 7040K, reserved 1048576K
}
Event: 31.636 GC heap before
{Heap before GC invocations=12 (full 2):
 PSYoungGen      total 151552K, used 151536K [0x00000000e0000000, 0x00000000eb980000, 0x0000000100000000)
  eden space 139776K, 100% used [0x00000000e0000000,0x00000000e8880000,0x00000000e8880000)
  from space 11776K, 99% used [0x00000000e8880000,0x00000000e93fc208,0x00000000e9400000)
  to   space 14848K, 0% used [0x00000000eab00000,0x00000000eab00000,0x00000000eb980000)
 ParOldGen       total 96768K, used 22377K [0x00000000a0000000, 0x00000000a5e80000, 0x00000000e0000000)
  object space 96768K, 23% used [0x00000000a0000000,0x00000000a15da6f8,0x00000000a5e80000)
 Metaspace       used 50733K, capacity 51954K, committed 52224K, reserved 1093632K
  class space    used 6728K, capacity 7071K, committed 7168K, reserved 1048576K
Event: 31.656 GC heap after
Heap after GC invocations=12 (full 2):
 PSYoungGen      total 172544K, used 14816K [0x00000000e0000000, 0x00000000ec380000, 0x0000000100000000)
  eden space 157696K, 0% used [0x00000000e0000000,0x00000000e0000000,0x00000000e9a00000)
  from space 14848K, 99% used [0x00000000eab00000,0x00000000eb9781f8,0x00000000eb980000)
  to   space 17408K, 0% used [0x00000000e9a00000,0x00000000e9a00000,0x00000000eab00000)
 ParOldGen       total 96768K, used 24216K [0x00000000a0000000, 0x00000000a5e80000, 0x00000000e0000000)
  object space 96768K, 25% used [0x00000000a0000000,0x00000000a17a6130,0x00000000a5e80000)
 Metaspace       used 50733K, capacity 51954K, committed 52224K, reserved 1093632K
  class space    used 6728K, capacity 7071K, committed 7168K, reserved 1048576K
}

